[2021-05-02T13:31:47.467] [DEBUG] cheese - login => username:admin,password:123456
[2021-05-02T13:31:47.469] [DEBUG] cheese - admin
[2021-05-02T13:31:47.491] [DEBUG] cheese - null
[2021-05-02T13:31:47.492] [DEBUG] cheese - null
[2021-05-02T16:04:40.278] [DEBUG] cheese - login => username:1233,password:131313131
[2021-05-02T16:04:40.278] [DEBUG] cheese - 1233
[2021-05-02T16:04:40.285] [DEBUG] cheese - null
[2021-05-02T16:04:40.285] [DEBUG] cheese - null
[2021-05-02T16:04:47.224] [DEBUG] cheese - login => username:admin,password:123456
[2021-05-02T16:04:47.224] [DEBUG] cheese - admin
[2021-05-02T16:04:47.228] [DEBUG] cheese - null
[2021-05-02T16:04:47.228] [DEBUG] cheese - null
[2021-05-02T16:09:16.088] [DEBUG] cheese - login => username:123123,password:123123123123
[2021-05-02T16:09:16.088] [DEBUG] cheese - 123123
[2021-05-02T16:09:16.090] [DEBUG] cheese - null
[2021-05-02T16:09:16.090] [DEBUG] cheese - null
[2021-05-02T16:09:22.823] [DEBUG] cheese - login => username:admin,password:123456
[2021-05-02T16:09:22.823] [DEBUG] cheese - admin
[2021-05-02T16:09:22.825] [DEBUG] cheese - null
[2021-05-02T16:09:22.825] [DEBUG] cheese - null
[2021-05-02T16:09:45.232] [DEBUG] cheese - login => username:admin,password:123456
[2021-05-02T16:09:45.232] [DEBUG] cheese - admin
[2021-05-02T16:09:45.233] [DEBUG] cheese - null
[2021-05-02T16:09:45.233] [DEBUG] cheese - null
[2021-05-02T16:20:42.033] [DEBUG] cheese - login => username:admin,password:123456
[2021-05-02T16:20:42.034] [DEBUG] cheese - admin
[2021-05-02T16:20:42.035] [DEBUG] cheese - null
[2021-05-02T16:20:42.035] [DEBUG] cheese - null
[2021-05-02T16:29:28.378] [DEBUG] cheese - login => username:admin,password:123456
[2021-05-02T16:29:28.378] [DEBUG] cheese - admin
[2021-05-02T16:29:28.380] [DEBUG] cheese - null
[2021-05-02T16:29:28.380] [DEBUG] cheese - null
[2021-05-02T16:33:47.327] [DEBUG] cheese - login => username:admin,password:123456
[2021-05-02T16:33:47.327] [DEBUG] cheese - admin
[2021-05-02T16:33:47.329] [DEBUG] cheese - null
[2021-05-02T16:33:47.329] [DEBUG] cheese - null
[2021-05-02T16:33:50.839] [DEBUG] cheese - login => username:admin,password:123456
[2021-05-02T16:33:50.839] [DEBUG] cheese - admin
[2021-05-02T16:33:50.840] [DEBUG] cheese - null
[2021-05-02T16:33:50.840] [DEBUG] cheese - null
[2021-05-02T17:21:20.153] [DEBUG] cheese - login => username:admin,password:123456
[2021-05-02T17:21:20.153] [DEBUG] cheese - admin
[2021-05-02T17:21:20.156] [DEBUG] cheese - null
[2021-05-02T17:21:20.156] [DEBUG] cheese - null
[2021-05-03T12:24:50.987] [DEBUG] cheese - login => username:admin,password:123456
[2021-05-03T12:24:50.988] [DEBUG] cheese - admin
[2021-05-03T12:24:50.998] [DEBUG] cheese - null
[2021-05-03T12:24:50.999] [DEBUG] cheese - null
[2021-05-03T12:31:51.663] [DEBUG] cheese - login => username:admin,password:123456
[2021-05-03T12:31:51.664] [DEBUG] cheese - admin
[2021-05-03T12:31:51.668] [DEBUG] cheese - null
[2021-05-03T12:31:51.668] [DEBUG] cheese - null
[2021-05-03T15:50:39.101] [DEBUG] cheese - login => username:admin,password:123456
[2021-05-03T15:50:39.103] [DEBUG] cheese - admin
[2021-05-03T15:50:39.112] [DEBUG] cheese - null
[2021-05-03T15:50:39.112] [DEBUG] cheese - null
[2021-05-03T18:09:40.879] [DEBUG] cheese - login => username:admin,password:123456
[2021-05-03T18:09:40.882] [DEBUG] cheese - admin
[2021-05-03T18:09:40.887] [DEBUG] cheese - null
[2021-05-03T18:09:40.887] [DEBUG] cheese - null
[2021-05-04T11:45:36.247] [DEBUG] cheese - login => username:admin,password:123456
[2021-05-04T11:45:36.253] [DEBUG] cheese - admin
[2021-05-04T11:45:36.264] [DEBUG] cheese - null
[2021-05-04T11:45:36.264] [DEBUG] cheese - null
[2021-05-04T17:43:54.652] [DEBUG] cheese - null
[2021-05-04T17:43:57.522] [DEBUG] cheese - null
[2021-05-04T17:45:14.379] [DEBUG] cheese - null
[2021-05-04T17:45:18.834] [DEBUG] cheese - null
[2021-05-05T12:32:23.421] [DEBUG] cheese - login => username:admin,password:123456
[2021-05-05T12:32:23.423] [DEBUG] cheese - admin
[2021-05-05T12:32:23.433] [DEBUG] cheese - null
[2021-05-05T12:32:23.433] [DEBUG] cheese - null
[2021-05-05T14:12:24.257] [DEBUG] cheese - login => username:admin,password:123456
[2021-05-05T14:12:24.259] [DEBUG] cheese - admin
[2021-05-05T14:12:24.268] [DEBUG] cheese - null
[2021-05-05T14:12:24.269] [DEBUG] cheese - null
[2021-05-06T13:15:16.916] [DEBUG] cheese - login => username:admin,password:123456
[2021-05-06T13:15:16.918] [DEBUG] cheese - admin
[2021-05-06T13:15:16.931] [DEBUG] cheese - null
[2021-05-06T13:15:16.931] [DEBUG] cheese - null
[2021-05-06T21:20:30.062] [DEBUG] cheese - login => username:admin,password:123456
[2021-05-06T21:20:30.064] [DEBUG] cheese - admin
[2021-05-06T21:20:30.076] [DEBUG] cheese - null
[2021-05-06T21:20:30.077] [DEBUG] cheese - null
[2021-05-07T12:44:42.934] [DEBUG] cheese - login => username:admin,password:123456
[2021-05-07T12:44:42.936] [DEBUG] cheese - admin
[2021-05-07T12:44:42.949] [DEBUG] cheese - null
[2021-05-07T12:44:42.949] [DEBUG] cheese - null
[2021-05-07T21:10:49.387] [DEBUG] cheese - login => username:admin,password:123456
[2021-05-07T21:10:49.388] [DEBUG] cheese - admin
[2021-05-07T21:10:49.400] [DEBUG] cheese - null
[2021-05-07T21:10:49.400] [DEBUG] cheese - null
[2021-05-08T18:36:32.028] [DEBUG] cheese - login => username:admin,password:123456
[2021-05-08T18:36:32.030] [DEBUG] cheese - admin
[2021-05-08T18:36:32.045] [DEBUG] cheese - null
[2021-05-08T18:36:32.045] [DEBUG] cheese - null
[2021-05-09T08:18:58.064] [DEBUG] cheese - login => username:admin,password:123456
[2021-05-09T08:18:58.066] [DEBUG] cheese - admin
[2021-05-09T08:18:58.076] [DEBUG] cheese - null
[2021-05-09T08:18:58.077] [DEBUG] cheese - null
[2021-05-09T18:14:19.902] [DEBUG] cheese - login => username:admin,password:123456
[2021-05-09T18:14:19.903] [DEBUG] cheese - admin
[2021-05-09T18:14:19.913] [DEBUG] cheese - null
[2021-05-09T18:14:19.914] [DEBUG] cheese - null
[2021-05-10T20:27:48.814] [DEBUG] cheese - login => username:admin,password:123456
[2021-05-10T20:27:48.816] [DEBUG] cheese - admin
[2021-05-10T20:27:48.832] [DEBUG] cheese - null
[2021-05-10T20:27:48.832] [DEBUG] cheese - null
[2021-05-11T09:03:12.651] [DEBUG] cheese - login => username:admin,password:123456
[2021-05-11T09:03:12.653] [DEBUG] cheese - admin
[2021-05-11T09:03:12.664] [DEBUG] cheese - null
[2021-05-11T09:03:12.664] [DEBUG] cheese - null
[2021-05-11T12:19:17.916] [DEBUG] cheese - login => username:admin,password:123456
[2021-05-11T12:19:17.916] [DEBUG] cheese - admin
[2021-05-11T12:19:17.923] [DEBUG] cheese - null
[2021-05-11T12:19:17.923] [DEBUG] cheese - null
[2021-05-11T19:44:07.263] [DEBUG] cheese - login => username:admin,password:123456
[2021-05-11T19:44:07.264] [DEBUG] cheese - admin
[2021-05-11T19:44:07.274] [DEBUG] cheese - null
[2021-05-11T19:44:07.275] [DEBUG] cheese - null
[2021-05-12T13:07:30.888] [DEBUG] cheese - login => username:admin,password:123456
[2021-05-12T13:07:30.889] [DEBUG] cheese - admin
[2021-05-12T13:07:30.899] [DEBUG] cheese - null
[2021-05-12T13:07:30.899] [DEBUG] cheese - null
[2021-05-12T20:00:02.121] [DEBUG] cheese - login => username:admin,password:123456
[2021-05-12T20:00:02.121] [DEBUG] cheese - admin
[2021-05-12T20:00:02.134] [DEBUG] cheese - null
[2021-05-12T20:00:02.134] [DEBUG] cheese - null
[2021-05-12T21:44:42.940] [DEBUG] cheese - null
[2021-05-12T21:45:21.902] [DEBUG] cheese - null
[2021-05-13T20:13:25.887] [DEBUG] cheese - login => username:admin,password:123456
[2021-05-13T20:13:25.889] [DEBUG] cheese - admin
[2021-05-13T20:13:25.923] [DEBUG] cheese - null
[2021-05-13T20:13:25.923] [DEBUG] cheese - null
[2021-05-13T21:56:59.656] [DEBUG] cheese - login => username:admin,password:123456
[2021-05-13T21:56:59.658] [DEBUG] cheese - admin
[2021-05-13T21:56:59.662] [DEBUG] cheese - null
[2021-05-13T21:56:59.662] [DEBUG] cheese - null
